  ObjHero.cpp
C:\Users\GA1A\source\repos\-EX\Project1\Project1\ObjHero.cpp(104,48): warning C4244: '引数': 'int' から 'float' への変換です。データが失われる可能性があります。
C:\Users\GA1A\source\repos\-EX\Project1\Project1\ObjHero.cpp(227,33): warning C4474: 'swprintf_s': 書式文字列に渡された引数の数が多すぎます
C:\Users\GA1A\source\repos\-EX\Project1\Project1\ObjHero.cpp(227,33): message : プレースホルダーとそのパラメーターには 0 の可変個引数が必要ですが、1 が指定されています。
C:\Users\GA1A\source\repos\-EX\Project1\Project1\ObjHero.cpp(233,33): warning C4474: 'swprintf_s': 書式文字列に渡された引数の数が多すぎます
C:\Users\GA1A\source\repos\-EX\Project1\Project1\ObjHero.cpp(233,33): message : プレースホルダーとそのパラメーターには 0 の可変個引数が必要ですが、1 が指定されています。
C:\Users\GA1A\source\repos\-EX\Project1\Project1\ObjHero.cpp(239,33): warning C4474: 'swprintf_s': 書式文字列に渡された引数の数が多すぎます
C:\Users\GA1A\source\repos\-EX\Project1\Project1\ObjHero.cpp(239,33): message : プレースホルダーとそのパラメーターには 0 の可変個引数が必要ですが、1 が指定されています。
C:\Users\GA1A\source\repos\-EX\Project1\Project1\ObjHero.cpp(244,38): warning C4474: 'swprintf_s': 書式文字列に渡された引数の数が多すぎます
C:\Users\GA1A\source\repos\-EX\Project1\Project1\ObjHero.cpp(244,38): message : プレースホルダーとそのパラメーターには 0 の可変個引数が必要ですが、1 が指定されています。
C:\Users\GA1A\source\repos\-EX\Project1\Project1\ObjHero.cpp(249,42): warning C4474: 'swprintf_s': 書式文字列に渡された引数の数が多すぎます
C:\Users\GA1A\source\repos\-EX\Project1\Project1\ObjHero.cpp(249,42): message : プレースホルダーとそのパラメーターには 0 の可変個引数が必要ですが、1 が指定されています。
C:\Users\GA1A\source\repos\-EX\Project1\Project1\ObjHero.cpp(255,42): warning C4474: 'swprintf_s': 書式文字列に渡された引数の数が多すぎます
C:\Users\GA1A\source\repos\-EX\Project1\Project1\ObjHero.cpp(255,42): message : プレースホルダーとそのパラメーターには 0 の可変個引数が必要ですが、1 が指定されています。
C:\Users\GA1A\source\repos\-EX\Project1\Project1\ObjHero.cpp(261,42): warning C4474: 'swprintf_s': 書式文字列に渡された引数の数が多すぎます
C:\Users\GA1A\source\repos\-EX\Project1\Project1\ObjHero.cpp(261,42): message : プレースホルダーとそのパラメーターには 0 の可変個引数が必要ですが、1 が指定されています。
C:\Users\GA1A\source\repos\-EX\Project1\Project1\ObjHero.cpp(268,29): warning C4474: 'swprintf_s': 書式文字列に渡された引数の数が多すぎます
C:\Users\GA1A\source\repos\-EX\Project1\Project1\ObjHero.cpp(268,29): message : プレースホルダーとそのパラメーターには 0 の可変個引数が必要ですが、1 が指定されています。
C:\Users\GA1A\source\repos\-EX\Project1\Project1\ObjHero.cpp(274,38): warning C4474: 'swprintf_s': 書式文字列に渡された引数の数が多すぎます
C:\Users\GA1A\source\repos\-EX\Project1\Project1\ObjHero.cpp(274,38): message : プレースホルダーとそのパラメーターには 0 の可変個引数が必要ですが、1 が指定されています。
C:\Users\GA1A\source\repos\-EX\Project1\Project1\ObjHero.cpp(279,54): warning C4474: 'swprintf_s': 書式文字列に渡された引数の数が多すぎます
C:\Users\GA1A\source\repos\-EX\Project1\Project1\ObjHero.cpp(279,54): message : プレースホルダーとそのパラメーターには 0 の可変個引数が必要ですが、1 が指定されています。
C:\Users\GA1A\source\repos\-EX\Project1\Project1\ObjHero.cpp(285,54): warning C4474: 'swprintf_s': 書式文字列に渡された引数の数が多すぎます
C:\Users\GA1A\source\repos\-EX\Project1\Project1\ObjHero.cpp(285,54): message : プレースホルダーとそのパラメーターには 0 の可変個引数が必要ですが、1 が指定されています。
C:\Users\GA1A\source\repos\-EX\Project1\Project1\ObjHero.cpp(291,54): warning C4474: 'swprintf_s': 書式文字列に渡された引数の数が多すぎます
C:\Users\GA1A\source\repos\-EX\Project1\Project1\ObjHero.cpp(291,54): message : プレースホルダーとそのパラメーターには 0 の可変個引数が必要ですが、1 が指定されています。
C:\Users\GA1A\source\repos\-EX\Project1\Project1\ObjHero.cpp(297,54): warning C4474: 'swprintf_s': 書式文字列に渡された引数の数が多すぎます
C:\Users\GA1A\source\repos\-EX\Project1\Project1\ObjHero.cpp(297,54): message : プレースホルダーとそのパラメーターには 0 の可変個引数が必要ですが、1 が指定されています。
C:\Users\GA1A\source\repos\-EX\Project1\Project1\ObjHero.cpp(303,54): warning C4474: 'swprintf_s': 書式文字列に渡された引数の数が多すぎます
C:\Users\GA1A\source\repos\-EX\Project1\Project1\ObjHero.cpp(303,54): message : プレースホルダーとそのパラメーターには 0 の可変個引数が必要ですが、1 が指定されています。
C:\Users\GA1A\source\repos\-EX\Project1\Project1\ObjHero.cpp(309,54): warning C4474: 'swprintf_s': 書式文字列に渡された引数の数が多すぎます
C:\Users\GA1A\source\repos\-EX\Project1\Project1\ObjHero.cpp(309,54): message : プレースホルダーとそのパラメーターには 0 の可変個引数が必要ですが、1 が指定されています。
C:\Users\GA1A\source\repos\-EX\Project1\Project1\ObjHero.cpp(315,54): warning C4474: 'swprintf_s': 書式文字列に渡された引数の数が多すぎます
C:\Users\GA1A\source\repos\-EX\Project1\Project1\ObjHero.cpp(315,54): message : プレースホルダーとそのパラメーターには 0 の可変個引数が必要ですが、1 が指定されています。
C:\Users\GA1A\source\repos\-EX\Project1\Project1\ObjHero.cpp(321,54): warning C4474: 'swprintf_s': 書式文字列に渡された引数の数が多すぎます
C:\Users\GA1A\source\repos\-EX\Project1\Project1\ObjHero.cpp(321,54): message : プレースホルダーとそのパラメーターには 0 の可変個引数が必要ですが、1 が指定されています。
C:\Users\GA1A\source\repos\-EX\Project1\Project1\ObjHero.cpp(327,54): warning C4474: 'swprintf_s': 書式文字列に渡された引数の数が多すぎます
C:\Users\GA1A\source\repos\-EX\Project1\Project1\ObjHero.cpp(327,54): message : プレースホルダーとそのパラメーターには 0 の可変個引数が必要ですが、1 が指定されています。
C:\Users\GA1A\source\repos\-EX\Project1\Project1\ObjHero.cpp(333,54): warning C4474: 'swprintf_s': 書式文字列に渡された引数の数が多すぎます
C:\Users\GA1A\source\repos\-EX\Project1\Project1\ObjHero.cpp(333,54): message : プレースホルダーとそのパラメーターには 0 の可変個引数が必要ですが、1 が指定されています。
C:\Users\GA1A\source\repos\-EX\Project1\Project1\ObjHero.cpp(339,54): warning C4474: 'swprintf_s': 書式文字列に渡された引数の数が多すぎます
C:\Users\GA1A\source\repos\-EX\Project1\Project1\ObjHero.cpp(339,54): message : プレースホルダーとそのパラメーターには 0 の可変個引数が必要ですが、1 が指定されています。
C:\Users\GA1A\source\repos\-EX\Project1\Project1\ObjHero.cpp(345,29): warning C4474: 'swprintf_s': 書式文字列に渡された引数の数が多すぎます
C:\Users\GA1A\source\repos\-EX\Project1\Project1\ObjHero.cpp(345,29): message : プレースホルダーとそのパラメーターには 0 の可変個引数が必要ですが、1 が指定されています。
C:\Users\GA1A\source\repos\-EX\Project1\Project1\ObjHero.cpp(351,29): warning C4474: 'swprintf_s': 書式文字列に渡された引数の数が多すぎます
C:\Users\GA1A\source\repos\-EX\Project1\Project1\ObjHero.cpp(351,29): message : プレースホルダーとそのパラメーターには 0 の可変個引数が必要ですが、1 が指定されています。
C:\Users\GA1A\source\repos\-EX\Project1\Project1\ObjHero.cpp(358,29): warning C4474: 'swprintf_s': 書式文字列に渡された引数の数が多すぎます
C:\Users\GA1A\source\repos\-EX\Project1\Project1\ObjHero.cpp(358,29): message : プレースホルダーとそのパラメーターには 0 の可変個引数が必要ですが、1 が指定されています。
C:\Users\GA1A\source\repos\-EX\Project1\Project1\ObjHero.cpp(364,29): warning C4474: 'swprintf_s': 書式文字列に渡された引数の数が多すぎます
C:\Users\GA1A\source\repos\-EX\Project1\Project1\ObjHero.cpp(364,29): message : プレースホルダーとそのパラメーターには 0 の可変個引数が必要ですが、1 が指定されています。
  ObjHero2.cpp
C:\Users\GA1A\source\repos\-EX\Project1\Project1\ObjHero2.cpp(103,48): warning C4244: '引数': 'int' から 'float' への変換です。データが失われる可能性があります。
C:\Users\GA1A\source\repos\-EX\Project1\Project1\ObjHero2.cpp(225,33): warning C4474: 'swprintf_s': 書式文字列に渡された引数の数が多すぎます
C:\Users\GA1A\source\repos\-EX\Project1\Project1\ObjHero2.cpp(225,33): message : プレースホルダーとそのパラメーターには 0 の可変個引数が必要ですが、1 が指定されています。
C:\Users\GA1A\source\repos\-EX\Project1\Project1\ObjHero2.cpp(231,33): warning C4474: 'swprintf_s': 書式文字列に渡された引数の数が多すぎます
C:\Users\GA1A\source\repos\-EX\Project1\Project1\ObjHero2.cpp(231,33): message : プレースホルダーとそのパラメーターには 0 の可変個引数が必要ですが、1 が指定されています。
C:\Users\GA1A\source\repos\-EX\Project1\Project1\ObjHero2.cpp(237,33): warning C4474: 'swprintf_s': 書式文字列に渡された引数の数が多すぎます
C:\Users\GA1A\source\repos\-EX\Project1\Project1\ObjHero2.cpp(237,33): message : プレースホルダーとそのパラメーターには 0 の可変個引数が必要ですが、1 が指定されています。
C:\Users\GA1A\source\repos\-EX\Project1\Project1\ObjHero2.cpp(242,38): warning C4474: 'swprintf_s': 書式文字列に渡された引数の数が多すぎます
C:\Users\GA1A\source\repos\-EX\Project1\Project1\ObjHero2.cpp(242,38): message : プレースホルダーとそのパラメーターには 0 の可変個引数が必要ですが、1 が指定されています。
C:\Users\GA1A\source\repos\-EX\Project1\Project1\ObjHero2.cpp(247,42): warning C4474: 'swprintf_s': 書式文字列に渡された引数の数が多すぎます
C:\Users\GA1A\source\repos\-EX\Project1\Project1\ObjHero2.cpp(247,42): message : プレースホルダーとそのパラメーターには 0 の可変個引数が必要ですが、1 が指定されています。
C:\Users\GA1A\source\repos\-EX\Project1\Project1\ObjHero2.cpp(253,42): warning C4474: 'swprintf_s': 書式文字列に渡された引数の数が多すぎます
C:\Users\GA1A\source\repos\-EX\Project1\Project1\ObjHero2.cpp(253,42): message : プレースホルダーとそのパラメーターには 0 の可変個引数が必要ですが、1 が指定されています。
C:\Users\GA1A\source\repos\-EX\Project1\Project1\ObjHero2.cpp(259,42): warning C4474: 'swprintf_s': 書式文字列に渡された引数の数が多すぎます
C:\Users\GA1A\source\repos\-EX\Project1\Project1\ObjHero2.cpp(259,42): message : プレースホルダーとそのパラメーターには 0 の可変個引数が必要ですが、1 が指定されています。
C:\Users\GA1A\source\repos\-EX\Project1\Project1\ObjHero2.cpp(266,29): warning C4474: 'swprintf_s': 書式文字列に渡された引数の数が多すぎます
C:\Users\GA1A\source\repos\-EX\Project1\Project1\ObjHero2.cpp(266,29): message : プレースホルダーとそのパラメーターには 0 の可変個引数が必要ですが、1 が指定されています。
C:\Users\GA1A\source\repos\-EX\Project1\Project1\ObjHero2.cpp(271,38): warning C4474: 'swprintf_s': 書式文字列に渡された引数の数が多すぎます
C:\Users\GA1A\source\repos\-EX\Project1\Project1\ObjHero2.cpp(271,38): message : プレースホルダーとそのパラメーターには 0 の可変個引数が必要ですが、1 が指定されています。
C:\Users\GA1A\source\repos\-EX\Project1\Project1\ObjHero2.cpp(276,54): warning C4474: 'swprintf_s': 書式文字列に渡された引数の数が多すぎます
C:\Users\GA1A\source\repos\-EX\Project1\Project1\ObjHero2.cpp(276,54): message : プレースホルダーとそのパラメーターには 0 の可変個引数が必要ですが、1 が指定されています。
C:\Users\GA1A\source\repos\-EX\Project1\Project1\ObjHero2.cpp(282,54): warning C4474: 'swprintf_s': 書式文字列に渡された引数の数が多すぎます
C:\Users\GA1A\source\repos\-EX\Project1\Project1\ObjHero2.cpp(282,54): message : プレースホルダーとそのパラメーターには 0 の可変個引数が必要ですが、1 が指定されています。
C:\Users\GA1A\source\repos\-EX\Project1\Project1\ObjHero2.cpp(288,54): warning C4474: 'swprintf_s': 書式文字列に渡された引数の数が多すぎます
C:\Users\GA1A\source\repos\-EX\Project1\Project1\ObjHero2.cpp(288,54): message : プレースホルダーとそのパラメーターには 0 の可変個引数が必要ですが、1 が指定されています。
C:\Users\GA1A\source\repos\-EX\Project1\Project1\ObjHero2.cpp(294,54): warning C4474: 'swprintf_s': 書式文字列に渡された引数の数が多すぎます
C:\Users\GA1A\source\repos\-EX\Project1\Project1\ObjHero2.cpp(294,54): message : プレースホルダーとそのパラメーターには 0 の可変個引数が必要ですが、1 が指定されています。
C:\Users\GA1A\source\repos\-EX\Project1\Project1\ObjHero2.cpp(300,54): warning C4474: 'swprintf_s': 書式文字列に渡された引数の数が多すぎます
C:\Users\GA1A\source\repos\-EX\Project1\Project1\ObjHero2.cpp(300,54): message : プレースホルダーとそのパラメーターには 0 の可変個引数が必要ですが、1 が指定されています。
C:\Users\GA1A\source\repos\-EX\Project1\Project1\ObjHero2.cpp(306,54): warning C4474: 'swprintf_s': 書式文字列に渡された引数の数が多すぎます
C:\Users\GA1A\source\repos\-EX\Project1\Project1\ObjHero2.cpp(306,54): message : プレースホルダーとそのパラメーターには 0 の可変個引数が必要ですが、1 が指定されています。
C:\Users\GA1A\source\repos\-EX\Project1\Project1\ObjHero2.cpp(312,54): warning C4474: 'swprintf_s': 書式文字列に渡された引数の数が多すぎます
C:\Users\GA1A\source\repos\-EX\Project1\Project1\ObjHero2.cpp(312,54): message : プレースホルダーとそのパラメーターには 0 の可変個引数が必要ですが、1 が指定されています。
C:\Users\GA1A\source\repos\-EX\Project1\Project1\ObjHero2.cpp(318,54): warning C4474: 'swprintf_s': 書式文字列に渡された引数の数が多すぎます
C:\Users\GA1A\source\repos\-EX\Project1\Project1\ObjHero2.cpp(318,54): message : プレースホルダーとそのパラメーターには 0 の可変個引数が必要ですが、1 が指定されています。
C:\Users\GA1A\source\repos\-EX\Project1\Project1\ObjHero2.cpp(324,54): warning C4474: 'swprintf_s': 書式文字列に渡された引数の数が多すぎます
C:\Users\GA1A\source\repos\-EX\Project1\Project1\ObjHero2.cpp(324,54): message : プレースホルダーとそのパラメーターには 0 の可変個引数が必要ですが、1 が指定されています。
C:\Users\GA1A\source\repos\-EX\Project1\Project1\ObjHero2.cpp(330,54): warning C4474: 'swprintf_s': 書式文字列に渡された引数の数が多すぎます
C:\Users\GA1A\source\repos\-EX\Project1\Project1\ObjHero2.cpp(330,54): message : プレースホルダーとそのパラメーターには 0 の可変個引数が必要ですが、1 が指定されています。
C:\Users\GA1A\source\repos\-EX\Project1\Project1\ObjHero2.cpp(336,54): warning C4474: 'swprintf_s': 書式文字列に渡された引数の数が多すぎます
C:\Users\GA1A\source\repos\-EX\Project1\Project1\ObjHero2.cpp(336,54): message : プレースホルダーとそのパラメーターには 0 の可変個引数が必要ですが、1 が指定されています。
C:\Users\GA1A\source\repos\-EX\Project1\Project1\ObjHero2.cpp(342,29): warning C4474: 'swprintf_s': 書式文字列に渡された引数の数が多すぎます
C:\Users\GA1A\source\repos\-EX\Project1\Project1\ObjHero2.cpp(342,29): message : プレースホルダーとそのパラメーターには 0 の可変個引数が必要ですが、1 が指定されています。
C:\Users\GA1A\source\repos\-EX\Project1\Project1\ObjHero2.cpp(348,29): warning C4474: 'swprintf_s': 書式文字列に渡された引数の数が多すぎます
C:\Users\GA1A\source\repos\-EX\Project1\Project1\ObjHero2.cpp(348,29): message : プレースホルダーとそのパラメーターには 0 の可変個引数が必要ですが、1 が指定されています。
  ObjHero5.cpp
C:\Users\GA1A\source\repos\-EX\Project1\Project1\ObjHero5.cpp(122,48): warning C4244: '引数': 'int' から 'float' への変換です。データが失われる可能性があります。
C:\Users\GA1A\source\repos\-EX\Project1\Project1\ObjHero5.cpp(246,33): warning C4474: 'swprintf_s': 書式文字列に渡された引数の数が多すぎます
C:\Users\GA1A\source\repos\-EX\Project1\Project1\ObjHero5.cpp(246,33): message : プレースホルダーとそのパラメーターには 0 の可変個引数が必要ですが、1 が指定されています。
C:\Users\GA1A\source\repos\-EX\Project1\Project1\ObjHero5.cpp(252,33): warning C4474: 'swprintf_s': 書式文字列に渡された引数の数が多すぎます
C:\Users\GA1A\source\repos\-EX\Project1\Project1\ObjHero5.cpp(252,33): message : プレースホルダーとそのパラメーターには 0 の可変個引数が必要ですが、1 が指定されています。
C:\Users\GA1A\source\repos\-EX\Project1\Project1\ObjHero5.cpp(258,33): warning C4474: 'swprintf_s': 書式文字列に渡された引数の数が多すぎます
C:\Users\GA1A\source\repos\-EX\Project1\Project1\ObjHero5.cpp(258,33): message : プレースホルダーとそのパラメーターには 0 の可変個引数が必要ですが、1 が指定されています。
C:\Users\GA1A\source\repos\-EX\Project1\Project1\ObjHero5.cpp(263,38): warning C4474: 'swprintf_s': 書式文字列に渡された引数の数が多すぎます
C:\Users\GA1A\source\repos\-EX\Project1\Project1\ObjHero5.cpp(263,38): message : プレースホルダーとそのパラメーターには 0 の可変個引数が必要ですが、1 が指定されています。
C:\Users\GA1A\source\repos\-EX\Project1\Project1\ObjHero5.cpp(268,42): warning C4474: 'swprintf_s': 書式文字列に渡された引数の数が多すぎます
C:\Users\GA1A\source\repos\-EX\Project1\Project1\ObjHero5.cpp(268,42): message : プレースホルダーとそのパラメーターには 0 の可変個引数が必要ですが、1 が指定されています。
C:\Users\GA1A\source\repos\-EX\Project1\Project1\ObjHero5.cpp(274,42): warning C4474: 'swprintf_s': 書式文字列に渡された引数の数が多すぎます
C:\Users\GA1A\source\repos\-EX\Project1\Project1\ObjHero5.cpp(274,42): message : プレースホルダーとそのパラメーターには 0 の可変個引数が必要ですが、1 が指定されています。
C:\Users\GA1A\source\repos\-EX\Project1\Project1\ObjHero5.cpp(280,42): warning C4474: 'swprintf_s': 書式文字列に渡された引数の数が多すぎます
C:\Users\GA1A\source\repos\-EX\Project1\Project1\ObjHero5.cpp(280,42): message : プレースホルダーとそのパラメーターには 0 の可変個引数が必要ですが、1 が指定されています。
C:\Users\GA1A\source\repos\-EX\Project1\Project1\ObjHero5.cpp(287,29): warning C4474: 'swprintf_s': 書式文字列に渡された引数の数が多すぎます
C:\Users\GA1A\source\repos\-EX\Project1\Project1\ObjHero5.cpp(287,29): message : プレースホルダーとそのパラメーターには 0 の可変個引数が必要ですが、1 が指定されています。
C:\Users\GA1A\source\repos\-EX\Project1\Project1\ObjHero5.cpp(293,38): warning C4474: 'swprintf_s': 書式文字列に渡された引数の数が多すぎます
C:\Users\GA1A\source\repos\-EX\Project1\Project1\ObjHero5.cpp(293,38): message : プレースホルダーとそのパラメーターには 0 の可変個引数が必要ですが、1 が指定されています。
C:\Users\GA1A\source\repos\-EX\Project1\Project1\ObjHero5.cpp(298,54): warning C4474: 'swprintf_s': 書式文字列に渡された引数の数が多すぎます
C:\Users\GA1A\source\repos\-EX\Project1\Project1\ObjHero5.cpp(298,54): message : プレースホルダーとそのパラメーターには 0 の可変個引数が必要ですが、1 が指定されています。
C:\Users\GA1A\source\repos\-EX\Project1\Project1\ObjHero5.cpp(304,54): warning C4474: 'swprintf_s': 書式文字列に渡された引数の数が多すぎます
C:\Users\GA1A\source\repos\-EX\Project1\Project1\ObjHero5.cpp(304,54): message : プレースホルダーとそのパラメーターには 0 の可変個引数が必要ですが、1 が指定されています。
C:\Users\GA1A\source\repos\-EX\Project1\Project1\ObjHero5.cpp(310,54): warning C4474: 'swprintf_s': 書式文字列に渡された引数の数が多すぎます
C:\Users\GA1A\source\repos\-EX\Project1\Project1\ObjHero5.cpp(310,54): message : プレースホルダーとそのパラメーターには 0 の可変個引数が必要ですが、1 が指定されています。
C:\Users\GA1A\source\repos\-EX\Project1\Project1\ObjHero5.cpp(316,54): warning C4474: 'swprintf_s': 書式文字列に渡された引数の数が多すぎます
C:\Users\GA1A\source\repos\-EX\Project1\Project1\ObjHero5.cpp(316,54): message : プレースホルダーとそのパラメーターには 0 の可変個引数が必要ですが、1 が指定されています。
C:\Users\GA1A\source\repos\-EX\Project1\Project1\ObjHero5.cpp(322,54): warning C4474: 'swprintf_s': 書式文字列に渡された引数の数が多すぎます
C:\Users\GA1A\source\repos\-EX\Project1\Project1\ObjHero5.cpp(322,54): message : プレースホルダーとそのパラメーターには 0 の可変個引数が必要ですが、1 が指定されています。
C:\Users\GA1A\source\repos\-EX\Project1\Project1\ObjHero5.cpp(328,54): warning C4474: 'swprintf_s': 書式文字列に渡された引数の数が多すぎます
C:\Users\GA1A\source\repos\-EX\Project1\Project1\ObjHero5.cpp(328,54): message : プレースホルダーとそのパラメーターには 0 の可変個引数が必要ですが、1 が指定されています。
C:\Users\GA1A\source\repos\-EX\Project1\Project1\ObjHero5.cpp(334,54): warning C4474: 'swprintf_s': 書式文字列に渡された引数の数が多すぎます
C:\Users\GA1A\source\repos\-EX\Project1\Project1\ObjHero5.cpp(334,54): message : プレースホルダーとそのパラメーターには 0 の可変個引数が必要ですが、1 が指定されています。
C:\Users\GA1A\source\repos\-EX\Project1\Project1\ObjHero5.cpp(340,54): warning C4474: 'swprintf_s': 書式文字列に渡された引数の数が多すぎます
C:\Users\GA1A\source\repos\-EX\Project1\Project1\ObjHero5.cpp(340,54): message : プレースホルダーとそのパラメーターには 0 の可変個引数が必要ですが、1 が指定されています。
C:\Users\GA1A\source\repos\-EX\Project1\Project1\ObjHero5.cpp(346,54): warning C4474: 'swprintf_s': 書式文字列に渡された引数の数が多すぎます
C:\Users\GA1A\source\repos\-EX\Project1\Project1\ObjHero5.cpp(346,54): message : プレースホルダーとそのパラメーターには 0 の可変個引数が必要ですが、1 が指定されています。
C:\Users\GA1A\source\repos\-EX\Project1\Project1\ObjHero5.cpp(352,54): warning C4474: 'swprintf_s': 書式文字列に渡された引数の数が多すぎます
C:\Users\GA1A\source\repos\-EX\Project1\Project1\ObjHero5.cpp(352,54): message : プレースホルダーとそのパラメーターには 0 の可変個引数が必要ですが、1 が指定されています。
C:\Users\GA1A\source\repos\-EX\Project1\Project1\ObjHero5.cpp(358,54): warning C4474: 'swprintf_s': 書式文字列に渡された引数の数が多すぎます
C:\Users\GA1A\source\repos\-EX\Project1\Project1\ObjHero5.cpp(358,54): message : プレースホルダーとそのパラメーターには 0 の可変個引数が必要ですが、1 が指定されています。
C:\Users\GA1A\source\repos\-EX\Project1\Project1\ObjHero5.cpp(364,29): warning C4474: 'swprintf_s': 書式文字列に渡された引数の数が多すぎます
C:\Users\GA1A\source\repos\-EX\Project1\Project1\ObjHero5.cpp(364,29): message : プレースホルダーとそのパラメーターには 0 の可変個引数が必要ですが、1 が指定されています。
C:\Users\GA1A\source\repos\-EX\Project1\Project1\ObjHero5.cpp(370,29): warning C4474: 'swprintf_s': 書式文字列に渡された引数の数が多すぎます
C:\Users\GA1A\source\repos\-EX\Project1\Project1\ObjHero5.cpp(370,29): message : プレースホルダーとそのパラメーターには 0 の可変個引数が必要ですが、1 が指定されています。
  ObjSitaHero.cpp
C:\Users\GA1A\source\repos\-EX\Project1\Project1\ObjSitaHero.cpp(107,64): warning C4244: '引数': 'int' から 'float' への変換です。データが失われる可能性があります。
C:\Users\GA1A\source\repos\-EX\Project1\Project1\ObjSitaHero.cpp(258,33): warning C4474: 'swprintf_s': 書式文字列に渡された引数の数が多すぎます
C:\Users\GA1A\source\repos\-EX\Project1\Project1\ObjSitaHero.cpp(258,33): message : プレースホルダーとそのパラメーターには 0 の可変個引数が必要ですが、1 が指定されています。
C:\Users\GA1A\source\repos\-EX\Project1\Project1\ObjSitaHero.cpp(264,33): warning C4474: 'swprintf_s': 書式文字列に渡された引数の数が多すぎます
C:\Users\GA1A\source\repos\-EX\Project1\Project1\ObjSitaHero.cpp(264,33): message : プレースホルダーとそのパラメーターには 0 の可変個引数が必要ですが、1 が指定されています。
C:\Users\GA1A\source\repos\-EX\Project1\Project1\ObjSitaHero.cpp(270,33): warning C4474: 'swprintf_s': 書式文字列に渡された引数の数が多すぎます
C:\Users\GA1A\source\repos\-EX\Project1\Project1\ObjSitaHero.cpp(270,33): message : プレースホルダーとそのパラメーターには 0 の可変個引数が必要ですが、1 が指定されています。
C:\Users\GA1A\source\repos\-EX\Project1\Project1\ObjSitaHero.cpp(275,38): warning C4474: 'swprintf_s': 書式文字列に渡された引数の数が多すぎます
C:\Users\GA1A\source\repos\-EX\Project1\Project1\ObjSitaHero.cpp(275,38): message : プレースホルダーとそのパラメーターには 0 の可変個引数が必要ですが、1 が指定されています。
C:\Users\GA1A\source\repos\-EX\Project1\Project1\ObjSitaHero.cpp(280,42): warning C4474: 'swprintf_s': 書式文字列に渡された引数の数が多すぎます
C:\Users\GA1A\source\repos\-EX\Project1\Project1\ObjSitaHero.cpp(280,42): message : プレースホルダーとそのパラメーターには 0 の可変個引数が必要ですが、1 が指定されています。
C:\Users\GA1A\source\repos\-EX\Project1\Project1\ObjSitaHero.cpp(286,42): warning C4474: 'swprintf_s': 書式文字列に渡された引数の数が多すぎます
C:\Users\GA1A\source\repos\-EX\Project1\Project1\ObjSitaHero.cpp(286,42): message : プレースホルダーとそのパラメーターには 0 の可変個引数が必要ですが、1 が指定されています。
C:\Users\GA1A\source\repos\-EX\Project1\Project1\ObjSitaHero.cpp(292,42): warning C4474: 'swprintf_s': 書式文字列に渡された引数の数が多すぎます
C:\Users\GA1A\source\repos\-EX\Project1\Project1\ObjSitaHero.cpp(292,42): message : プレースホルダーとそのパラメーターには 0 の可変個引数が必要ですが、1 が指定されています。
C:\Users\GA1A\source\repos\-EX\Project1\Project1\ObjSitaHero.cpp(299,29): warning C4474: 'swprintf_s': 書式文字列に渡された引数の数が多すぎます
C:\Users\GA1A\source\repos\-EX\Project1\Project1\ObjSitaHero.cpp(299,29): message : プレースホルダーとそのパラメーターには 0 の可変個引数が必要ですが、1 が指定されています。
C:\Users\GA1A\source\repos\-EX\Project1\Project1\ObjSitaHero.cpp(304,38): warning C4474: 'swprintf_s': 書式文字列に渡された引数の数が多すぎます
C:\Users\GA1A\source\repos\-EX\Project1\Project1\ObjSitaHero.cpp(304,38): message : プレースホルダーとそのパラメーターには 0 の可変個引数が必要ですが、1 が指定されています。
C:\Users\GA1A\source\repos\-EX\Project1\Project1\ObjSitaHero.cpp(309,54): warning C4474: 'swprintf_s': 書式文字列に渡された引数の数が多すぎます
C:\Users\GA1A\source\repos\-EX\Project1\Project1\ObjSitaHero.cpp(309,54): message : プレースホルダーとそのパラメーターには 0 の可変個引数が必要ですが、1 が指定されています。
C:\Users\GA1A\source\repos\-EX\Project1\Project1\ObjSitaHero.cpp(315,54): warning C4474: 'swprintf_s': 書式文字列に渡された引数の数が多すぎます
C:\Users\GA1A\source\repos\-EX\Project1\Project1\ObjSitaHero.cpp(315,54): message : プレースホルダーとそのパラメーターには 0 の可変個引数が必要ですが、1 が指定されています。
C:\Users\GA1A\source\repos\-EX\Project1\Project1\ObjSitaHero.cpp(321,54): warning C4474: 'swprintf_s': 書式文字列に渡された引数の数が多すぎます
C:\Users\GA1A\source\repos\-EX\Project1\Project1\ObjSitaHero.cpp(321,54): message : プレースホルダーとそのパラメーターには 0 の可変個引数が必要ですが、1 が指定されています。
C:\Users\GA1A\source\repos\-EX\Project1\Project1\ObjSitaHero.cpp(327,54): warning C4474: 'swprintf_s': 書式文字列に渡された引数の数が多すぎます
C:\Users\GA1A\source\repos\-EX\Project1\Project1\ObjSitaHero.cpp(327,54): message : プレースホルダーとそのパラメーターには 0 の可変個引数が必要ですが、1 が指定されています。
C:\Users\GA1A\source\repos\-EX\Project1\Project1\ObjSitaHero.cpp(333,54): warning C4474: 'swprintf_s': 書式文字列に渡された引数の数が多すぎます
C:\Users\GA1A\source\repos\-EX\Project1\Project1\ObjSitaHero.cpp(333,54): message : プレースホルダーとそのパラメーターには 0 の可変個引数が必要ですが、1 が指定されています。
C:\Users\GA1A\source\repos\-EX\Project1\Project1\ObjSitaHero.cpp(339,54): warning C4474: 'swprintf_s': 書式文字列に渡された引数の数が多すぎます
C:\Users\GA1A\source\repos\-EX\Project1\Project1\ObjSitaHero.cpp(339,54): message : プレースホルダーとそのパラメーターには 0 の可変個引数が必要ですが、1 が指定されています。
C:\Users\GA1A\source\repos\-EX\Project1\Project1\ObjSitaHero.cpp(345,54): warning C4474: 'swprintf_s': 書式文字列に渡された引数の数が多すぎます
C:\Users\GA1A\source\repos\-EX\Project1\Project1\ObjSitaHero.cpp(345,54): message : プレースホルダーとそのパラメーターには 0 の可変個引数が必要ですが、1 が指定されています。
C:\Users\GA1A\source\repos\-EX\Project1\Project1\ObjSitaHero.cpp(351,54): warning C4474: 'swprintf_s': 書式文字列に渡された引数の数が多すぎます
C:\Users\GA1A\source\repos\-EX\Project1\Project1\ObjSitaHero.cpp(351,54): message : プレースホルダーとそのパラメーターには 0 の可変個引数が必要ですが、1 が指定されています。
C:\Users\GA1A\source\repos\-EX\Project1\Project1\ObjSitaHero.cpp(357,54): warning C4474: 'swprintf_s': 書式文字列に渡された引数の数が多すぎます
C:\Users\GA1A\source\repos\-EX\Project1\Project1\ObjSitaHero.cpp(357,54): message : プレースホルダーとそのパラメーターには 0 の可変個引数が必要ですが、1 が指定されています。
C:\Users\GA1A\source\repos\-EX\Project1\Project1\ObjSitaHero.cpp(363,54): warning C4474: 'swprintf_s': 書式文字列に渡された引数の数が多すぎます
C:\Users\GA1A\source\repos\-EX\Project1\Project1\ObjSitaHero.cpp(363,54): message : プレースホルダーとそのパラメーターには 0 の可変個引数が必要ですが、1 が指定されています。
C:\Users\GA1A\source\repos\-EX\Project1\Project1\ObjSitaHero.cpp(369,54): warning C4474: 'swprintf_s': 書式文字列に渡された引数の数が多すぎます
C:\Users\GA1A\source\repos\-EX\Project1\Project1\ObjSitaHero.cpp(369,54): message : プレースホルダーとそのパラメーターには 0 の可変個引数が必要ですが、1 が指定されています。
C:\Users\GA1A\source\repos\-EX\Project1\Project1\ObjSitaHero.cpp(375,29): warning C4474: 'swprintf_s': 書式文字列に渡された引数の数が多すぎます
C:\Users\GA1A\source\repos\-EX\Project1\Project1\ObjSitaHero.cpp(375,29): message : プレースホルダーとそのパラメーターには 0 の可変個引数が必要ですが、1 が指定されています。
C:\Users\GA1A\source\repos\-EX\Project1\Project1\ObjSitaHero.cpp(381,29): warning C4474: 'swprintf_s': 書式文字列に渡された引数の数が多すぎます
C:\Users\GA1A\source\repos\-EX\Project1\Project1\ObjSitaHero.cpp(381,29): message : プレースホルダーとそのパラメーターには 0 の可変個引数が必要ですが、1 が指定されています。
C:\Users\GA1A\source\repos\-EX\Project1\Project1\ObjSitaHero.cpp(388,29): warning C4474: 'swprintf_s': 書式文字列に渡された引数の数が多すぎます
C:\Users\GA1A\source\repos\-EX\Project1\Project1\ObjSitaHero.cpp(388,29): message : プレースホルダーとそのパラメーターには 0 の可変個引数が必要ですが、1 が指定されています。
C:\Users\GA1A\source\repos\-EX\Project1\Project1\ObjSitaHero.cpp(394,29): warning C4474: 'swprintf_s': 書式文字列に渡された引数の数が多すぎます
C:\Users\GA1A\source\repos\-EX\Project1\Project1\ObjSitaHero.cpp(394,29): message : プレースホルダーとそのパラメーターには 0 の可変個引数が必要ですが、1 が指定されています。
  ObjTateHero.cpp
C:\Users\GA1A\source\repos\-EX\Project1\Project1\ObjTateHero.cpp(90,64): warning C4244: '引数': 'int' から 'float' への変換です。データが失われる可能性があります。
C:\Users\GA1A\source\repos\-EX\Project1\Project1\ObjTateHero.cpp(216,33): warning C4474: 'swprintf_s': 書式文字列に渡された引数の数が多すぎます
C:\Users\GA1A\source\repos\-EX\Project1\Project1\ObjTateHero.cpp(216,33): message : プレースホルダーとそのパラメーターには 0 の可変個引数が必要ですが、1 が指定されています。
C:\Users\GA1A\source\repos\-EX\Project1\Project1\ObjTateHero.cpp(222,33): warning C4474: 'swprintf_s': 書式文字列に渡された引数の数が多すぎます
C:\Users\GA1A\source\repos\-EX\Project1\Project1\ObjTateHero.cpp(222,33): message : プレースホルダーとそのパラメーターには 0 の可変個引数が必要ですが、1 が指定されています。
C:\Users\GA1A\source\repos\-EX\Project1\Project1\ObjTateHero.cpp(228,33): warning C4474: 'swprintf_s': 書式文字列に渡された引数の数が多すぎます
C:\Users\GA1A\source\repos\-EX\Project1\Project1\ObjTateHero.cpp(228,33): message : プレースホルダーとそのパラメーターには 0 の可変個引数が必要ですが、1 が指定されています。
C:\Users\GA1A\source\repos\-EX\Project1\Project1\ObjTateHero.cpp(233,38): warning C4474: 'swprintf_s': 書式文字列に渡された引数の数が多すぎます
C:\Users\GA1A\source\repos\-EX\Project1\Project1\ObjTateHero.cpp(233,38): message : プレースホルダーとそのパラメーターには 0 の可変個引数が必要ですが、1 が指定されています。
C:\Users\GA1A\source\repos\-EX\Project1\Project1\ObjTateHero.cpp(238,42): warning C4474: 'swprintf_s': 書式文字列に渡された引数の数が多すぎます
C:\Users\GA1A\source\repos\-EX\Project1\Project1\ObjTateHero.cpp(238,42): message : プレースホルダーとそのパラメーターには 0 の可変個引数が必要ですが、1 が指定されています。
C:\Users\GA1A\source\repos\-EX\Project1\Project1\ObjTateHero.cpp(244,42): warning C4474: 'swprintf_s': 書式文字列に渡された引数の数が多すぎます
C:\Users\GA1A\source\repos\-EX\Project1\Project1\ObjTateHero.cpp(244,42): message : プレースホルダーとそのパラメーターには 0 の可変個引数が必要ですが、1 が指定されています。
C:\Users\GA1A\source\repos\-EX\Project1\Project1\ObjTateHero.cpp(250,42): warning C4474: 'swprintf_s': 書式文字列に渡された引数の数が多すぎます
C:\Users\GA1A\source\repos\-EX\Project1\Project1\ObjTateHero.cpp(250,42): message : プレースホルダーとそのパラメーターには 0 の可変個引数が必要ですが、1 が指定されています。
C:\Users\GA1A\source\repos\-EX\Project1\Project1\ObjTateHero.cpp(257,29): warning C4474: 'swprintf_s': 書式文字列に渡された引数の数が多すぎます
C:\Users\GA1A\source\repos\-EX\Project1\Project1\ObjTateHero.cpp(257,29): message : プレースホルダーとそのパラメーターには 0 の可変個引数が必要ですが、1 が指定されています。
C:\Users\GA1A\source\repos\-EX\Project1\Project1\ObjTateHero.cpp(262,38): warning C4474: 'swprintf_s': 書式文字列に渡された引数の数が多すぎます
C:\Users\GA1A\source\repos\-EX\Project1\Project1\ObjTateHero.cpp(262,38): message : プレースホルダーとそのパラメーターには 0 の可変個引数が必要ですが、1 が指定されています。
C:\Users\GA1A\source\repos\-EX\Project1\Project1\ObjTateHero.cpp(267,54): warning C4474: 'swprintf_s': 書式文字列に渡された引数の数が多すぎます
C:\Users\GA1A\source\repos\-EX\Project1\Project1\ObjTateHero.cpp(267,54): message : プレースホルダーとそのパラメーターには 0 の可変個引数が必要ですが、1 が指定されています。
C:\Users\GA1A\source\repos\-EX\Project1\Project1\ObjTateHero.cpp(273,54): warning C4474: 'swprintf_s': 書式文字列に渡された引数の数が多すぎます
C:\Users\GA1A\source\repos\-EX\Project1\Project1\ObjTateHero.cpp(273,54): message : プレースホルダーとそのパラメーターには 0 の可変個引数が必要ですが、1 が指定されています。
C:\Users\GA1A\source\repos\-EX\Project1\Project1\ObjTateHero.cpp(279,54): warning C4474: 'swprintf_s': 書式文字列に渡された引数の数が多すぎます
C:\Users\GA1A\source\repos\-EX\Project1\Project1\ObjTateHero.cpp(279,54): message : プレースホルダーとそのパラメーターには 0 の可変個引数が必要ですが、1 が指定されています。
C:\Users\GA1A\source\repos\-EX\Project1\Project1\ObjTateHero.cpp(285,54): warning C4474: 'swprintf_s': 書式文字列に渡された引数の数が多すぎます
C:\Users\GA1A\source\repos\-EX\Project1\Project1\ObjTateHero.cpp(285,54): message : プレースホルダーとそのパラメーターには 0 の可変個引数が必要ですが、1 が指定されています。
C:\Users\GA1A\source\repos\-EX\Project1\Project1\ObjTateHero.cpp(291,54): warning C4474: 'swprintf_s': 書式文字列に渡された引数の数が多すぎます
C:\Users\GA1A\source\repos\-EX\Project1\Project1\ObjTateHero.cpp(291,54): message : プレースホルダーとそのパラメーターには 0 の可変個引数が必要ですが、1 が指定されています。
C:\Users\GA1A\source\repos\-EX\Project1\Project1\ObjTateHero.cpp(297,54): warning C4474: 'swprintf_s': 書式文字列に渡された引数の数が多すぎます
C:\Users\GA1A\source\repos\-EX\Project1\Project1\ObjTateHero.cpp(297,54): message : プレースホルダーとそのパラメーターには 0 の可変個引数が必要ですが、1 が指定されています。
C:\Users\GA1A\source\repos\-EX\Project1\Project1\ObjTateHero.cpp(303,54): warning C4474: 'swprintf_s': 書式文字列に渡された引数の数が多すぎます
C:\Users\GA1A\source\repos\-EX\Project1\Project1\ObjTateHero.cpp(303,54): message : プレースホルダーとそのパラメーターには 0 の可変個引数が必要ですが、1 が指定されています。
C:\Users\GA1A\source\repos\-EX\Project1\Project1\ObjTateHero.cpp(309,54): warning C4474: 'swprintf_s': 書式文字列に渡された引数の数が多すぎます
C:\Users\GA1A\source\repos\-EX\Project1\Project1\ObjTateHero.cpp(309,54): message : プレースホルダーとそのパラメーターには 0 の可変個引数が必要ですが、1 が指定されています。
C:\Users\GA1A\source\repos\-EX\Project1\Project1\ObjTateHero.cpp(315,54): warning C4474: 'swprintf_s': 書式文字列に渡された引数の数が多すぎます
C:\Users\GA1A\source\repos\-EX\Project1\Project1\ObjTateHero.cpp(315,54): message : プレースホルダーとそのパラメーターには 0 の可変個引数が必要ですが、1 が指定されています。
C:\Users\GA1A\source\repos\-EX\Project1\Project1\ObjTateHero.cpp(321,54): warning C4474: 'swprintf_s': 書式文字列に渡された引数の数が多すぎます
C:\Users\GA1A\source\repos\-EX\Project1\Project1\ObjTateHero.cpp(321,54): message : プレースホルダーとそのパラメーターには 0 の可変個引数が必要ですが、1 が指定されています。
C:\Users\GA1A\source\repos\-EX\Project1\Project1\ObjTateHero.cpp(327,54): warning C4474: 'swprintf_s': 書式文字列に渡された引数の数が多すぎます
C:\Users\GA1A\source\repos\-EX\Project1\Project1\ObjTateHero.cpp(327,54): message : プレースホルダーとそのパラメーターには 0 の可変個引数が必要ですが、1 が指定されています。
C:\Users\GA1A\source\repos\-EX\Project1\Project1\ObjTateHero.cpp(333,29): warning C4474: 'swprintf_s': 書式文字列に渡された引数の数が多すぎます
C:\Users\GA1A\source\repos\-EX\Project1\Project1\ObjTateHero.cpp(333,29): message : プレースホルダーとそのパラメーターには 0 の可変個引数が必要ですが、1 が指定されています。
C:\Users\GA1A\source\repos\-EX\Project1\Project1\ObjTateHero.cpp(339,29): warning C4474: 'swprintf_s': 書式文字列に渡された引数の数が多すぎます
C:\Users\GA1A\source\repos\-EX\Project1\Project1\ObjTateHero.cpp(339,29): message : プレースホルダーとそのパラメーターには 0 の可変個引数が必要ですが、1 が指定されています。
  コード生成しています。
  5 of 1311 functions ( 0.4%) were compiled, the rest were copied from previous compilation.
    0 functions were new in current compilation
    1 functions had inline decision re-evaluated but remain unchanged
  コード生成が終了しました。
  Project1.vcxproj -> C:\Users\GA1A\source\repos\-EX\Project1\x64\Release\Project1.exe
